<?xml version="1.0" encoding="UTF-8"?>
<!-- Generated by org.testng.reporters.JUnitXMLReporter -->
<testsuite ignored="0" hostname="23HW011303" failures="0" tests="15" name="Default test" time="18.243" errors="0" timestamp="2022-02-18T18:55:57 IST">
  <testcase classname="neogrowth.Tests.RegisterFormTests" name="clickApplyNow" time="0.865"/>
  <testcase classname="neogrowth.Tests.RegisterFormTests" name="enterFullname" time="1.593"/>
  <testcase classname="neogrowth.Tests.RegisterFormTests" name="validateCity" time="0.437"/>
  <testcase classname="neogrowth.Tests.RegisterFormTests" name="selectCity" time="0.191"/>
  <testcase classname="neogrowth.Tests.RegisterFormTests" name="enterInvlaidPhoneNumber" time="0.289"/>
  <testcase classname="neogrowth.Tests.RegisterFormTests" name="enterValidPhoneNumber" time="0.227"/>
  <testcase classname="neogrowth.Tests.RegisterFormTests" name="enterInvlaidEmail" time="0.229"/>
  <testcase classname="neogrowth.Tests.RegisterFormTests" name="enterValidEmail" time="0.183"/>
  <testcase classname="neogrowth.Tests.RegisterFormTests" name="selectBusinessExperience" time="0.162"/>
  <testcase classname="neogrowth.Tests.RegisterFormTests" name="selectAverageMonthlySale" time="0.173"/>
  <testcase classname="neogrowth.Tests.RegisterFormTests" name="selectBusinessIndustry" time="0.183"/>
  <testcase classname="neogrowth.Tests.RegisterFormTests" name="acceptDigitalPayments" time="0.126"/>
  <testcase classname="neogrowth.Tests.RegisterFormTests" name="selectMonthlyCardDigitalSales" time="0.145"/>
  <testcase classname="neogrowth.Tests.RegisterFormTests" name="selectpaymentSince" time="0.143"/>
  <testcase classname="neogrowth.Tests.RegisterFormTests" name="sumit" time="0.075"/>
</testsuite> <!-- Default test -->
