<?xml version="1.0" encoding="UTF-8"?>
<!-- Generated by org.testng.reporters.JUnitXMLReporter -->
<testsuite ignored="0" hostname="RB932140" failures="0" tests="15" name="Test" time="23.648" errors="0" timestamp="2022-02-18T18:40:09 CET">
  <testcase classname="neogrowth.Tests.RegisterFormTests" name="clickApplyNow" time="1.035"/>
  <testcase classname="neogrowth.Tests.RegisterFormTests" name="enterFullname" time="2.585"/>
  <testcase classname="neogrowth.Tests.RegisterFormTests" name="validateCity" time="0.613"/>
  <testcase classname="neogrowth.Tests.RegisterFormTests" name="selectCity" time="0.58"/>
  <testcase classname="neogrowth.Tests.RegisterFormTests" name="enterInvlaidPhoneNumber" time="0.778"/>
  <testcase classname="neogrowth.Tests.RegisterFormTests" name="enterValidPhoneNumber" time="0.349"/>
  <testcase classname="neogrowth.Tests.RegisterFormTests" name="enterInvlaidEmail" time="0.368"/>
  <testcase classname="neogrowth.Tests.RegisterFormTests" name="enterValidEmail" time="0.271"/>
  <testcase classname="neogrowth.Tests.RegisterFormTests" name="selectBusinessExperience" time="0.307"/>
  <testcase classname="neogrowth.Tests.RegisterFormTests" name="selectAverageMonthlySale" time="0.208"/>
  <testcase classname="neogrowth.Tests.RegisterFormTests" name="selectBusinessIndustry" time="0.303"/>
  <testcase classname="neogrowth.Tests.RegisterFormTests" name="acceptDigitalPayments" time="0.305"/>
  <testcase classname="neogrowth.Tests.RegisterFormTests" name="selectMonthlyCardDigitalSales" time="0.181"/>
  <testcase classname="neogrowth.Tests.RegisterFormTests" name="selectpaymentSince" time="0.294"/>
  <testcase classname="neogrowth.Tests.RegisterFormTests" name="sumit" time="0.119"/>
</testsuite> <!-- Test -->
