<?xml version="1.0" encoding="UTF-8"?>
<testng-results ignored="0" total="15" passed="15" failed="0" skipped="0">
  <reporter-output>
  </reporter-output>
  <suite started-at="2022-02-18T18:39:45 CET" name="Suite" finished-at="2022-02-18T18:40:09 CET" duration-ms="23648">
    <groups>
    </groups>
    <test started-at="2022-02-18T18:39:45 CET" name="Test" finished-at="2022-02-18T18:40:09 CET" duration-ms="23648">
      <class name="neogrowth.Tests.RegisterFormTests">
        <test-method is-config="true" signature="initialize()[pri:0, instance:neogrowth.Tests.RegisterFormTests@3fc9dfc5]" started-at="2022-02-18T18:39:45 CET" name="initialize" finished-at="2022-02-18T18:39:59 CET" duration-ms="13842" status="PASS">
          <reporter-output>
          </reporter-output>
        </test-method> <!-- initialize -->
        <test-method signature="clickApplyNow()[pri:1, instance:neogrowth.Tests.RegisterFormTests@3fc9dfc5]" started-at="2022-02-18T18:39:59 CET" name="clickApplyNow" finished-at="2022-02-18T18:40:00 CET" duration-ms="1035" status="PASS">
          <reporter-output>
          </reporter-output>
        </test-method> <!-- clickApplyNow -->
        <test-method signature="enterFullname()[pri:2, instance:neogrowth.Tests.RegisterFormTests@3fc9dfc5]" started-at="2022-02-18T18:40:00 CET" name="enterFullname" finished-at="2022-02-18T18:40:02 CET" duration-ms="2585" status="PASS">
          <reporter-output>
          </reporter-output>
        </test-method> <!-- enterFullname -->
        <test-method signature="validateCity()[pri:3, instance:neogrowth.Tests.RegisterFormTests@3fc9dfc5]" started-at="2022-02-18T18:40:02 CET" name="validateCity" finished-at="2022-02-18T18:40:03 CET" duration-ms="613" status="PASS">
          <reporter-output>
          </reporter-output>
        </test-method> <!-- validateCity -->
        <test-method signature="selectCity()[pri:4, instance:neogrowth.Tests.RegisterFormTests@3fc9dfc5]" started-at="2022-02-18T18:40:03 CET" name="selectCity" finished-at="2022-02-18T18:40:04 CET" duration-ms="580" status="PASS">
          <reporter-output>
          </reporter-output>
        </test-method> <!-- selectCity -->
        <test-method signature="enterInvlaidPhoneNumber()[pri:5, instance:neogrowth.Tests.RegisterFormTests@3fc9dfc5]" started-at="2022-02-18T18:40:04 CET" name="enterInvlaidPhoneNumber" finished-at="2022-02-18T18:40:04 CET" duration-ms="778" status="PASS">
          <reporter-output>
          </reporter-output>
        </test-method> <!-- enterInvlaidPhoneNumber -->
        <test-method signature="enterValidPhoneNumber()[pri:6, instance:neogrowth.Tests.RegisterFormTests@3fc9dfc5]" started-at="2022-02-18T18:40:04 CET" name="enterValidPhoneNumber" finished-at="2022-02-18T18:40:05 CET" duration-ms="349" status="PASS">
          <reporter-output>
          </reporter-output>
        </test-method> <!-- enterValidPhoneNumber -->
        <test-method signature="enterInvlaidEmail()[pri:7, instance:neogrowth.Tests.RegisterFormTests@3fc9dfc5]" started-at="2022-02-18T18:40:05 CET" name="enterInvlaidEmail" finished-at="2022-02-18T18:40:05 CET" duration-ms="368" status="PASS">
          <reporter-output>
          </reporter-output>
        </test-method> <!-- enterInvlaidEmail -->
        <test-method signature="enterValidEmail()[pri:8, instance:neogrowth.Tests.RegisterFormTests@3fc9dfc5]" started-at="2022-02-18T18:40:05 CET" name="enterValidEmail" finished-at="2022-02-18T18:40:05 CET" duration-ms="271" status="PASS">
          <reporter-output>
          </reporter-output>
        </test-method> <!-- enterValidEmail -->
        <test-method signature="selectBusinessExperience()[pri:9, instance:neogrowth.Tests.RegisterFormTests@3fc9dfc5]" started-at="2022-02-18T18:40:05 CET" name="selectBusinessExperience" finished-at="2022-02-18T18:40:06 CET" duration-ms="307" status="PASS">
          <reporter-output>
          </reporter-output>
        </test-method> <!-- selectBusinessExperience -->
        <test-method signature="selectAverageMonthlySale()[pri:10, instance:neogrowth.Tests.RegisterFormTests@3fc9dfc5]" started-at="2022-02-18T18:40:06 CET" name="selectAverageMonthlySale" finished-at="2022-02-18T18:40:06 CET" duration-ms="208" status="PASS">
          <reporter-output>
          </reporter-output>
        </test-method> <!-- selectAverageMonthlySale -->
        <test-method signature="selectBusinessIndustry()[pri:11, instance:neogrowth.Tests.RegisterFormTests@3fc9dfc5]" started-at="2022-02-18T18:40:06 CET" name="selectBusinessIndustry" finished-at="2022-02-18T18:40:06 CET" duration-ms="303" status="PASS">
          <reporter-output>
          </reporter-output>
        </test-method> <!-- selectBusinessIndustry -->
        <test-method signature="acceptDigitalPayments()[pri:12, instance:neogrowth.Tests.RegisterFormTests@3fc9dfc5]" started-at="2022-02-18T18:40:06 CET" name="acceptDigitalPayments" finished-at="2022-02-18T18:40:06 CET" duration-ms="305" status="PASS">
          <reporter-output>
          </reporter-output>
        </test-method> <!-- acceptDigitalPayments -->
        <test-method signature="selectMonthlyCardDigitalSales()[pri:0, instance:neogrowth.Tests.RegisterFormTests@3fc9dfc5]" started-at="2022-02-18T18:40:06 CET" name="selectMonthlyCardDigitalSales" finished-at="2022-02-18T18:40:07 CET" depends-on-methods="neogrowth.Tests.RegisterFormTests.acceptDigitalPayments" duration-ms="181" status="PASS">
          <reporter-output>
          </reporter-output>
        </test-method> <!-- selectMonthlyCardDigitalSales -->
        <test-method signature="selectpaymentSince()[pri:0, instance:neogrowth.Tests.RegisterFormTests@3fc9dfc5]" started-at="2022-02-18T18:40:07 CET" name="selectpaymentSince" finished-at="2022-02-18T18:40:07 CET" depends-on-methods="neogrowth.Tests.RegisterFormTests.acceptDigitalPayments" duration-ms="294" status="PASS">
          <reporter-output>
          </reporter-output>
        </test-method> <!-- selectpaymentSince -->
        <test-method signature="sumit()[pri:13, instance:neogrowth.Tests.RegisterFormTests@3fc9dfc5]" started-at="2022-02-18T18:40:07 CET" name="sumit" finished-at="2022-02-18T18:40:07 CET" duration-ms="119" status="PASS">
          <reporter-output>
          </reporter-output>
        </test-method> <!-- sumit -->
        <test-method is-config="true" signature="teardown()[pri:0, instance:neogrowth.Tests.RegisterFormTests@3fc9dfc5]" started-at="2022-02-18T18:40:07 CET" name="teardown" finished-at="2022-02-18T18:40:09 CET" duration-ms="1449" status="PASS">
          <reporter-output>
          </reporter-output>
        </test-method> <!-- teardown -->
      </class> <!-- neogrowth.Tests.RegisterFormTests -->
    </test> <!-- Test -->
  </suite> <!-- Suite -->
</testng-results>
