<?xml version="1.0" encoding="UTF-8"?>
<testsuite xmlns:xsi="http://www.w3.org/2001/XMLSchema-instance" xsi:noNamespaceSchemaLocation="https://maven.apache.org/surefire/maven-surefire-plugin/xsd/surefire-test-report-3.0.xsd" version="3.0" name="TestSuite" time="22.432" tests="15" errors="0" skipped="0" failures="2">
  <properties>
[...]
</properties>
  <testcase name="clickApplyNow" classname="neogrowth.Tests.RegisterFormTests" time="0.806">
    <system-out><![CDATA[chrome
true
]]></system-out>
    <system-err><![CDATA[SLF4J: Failed to load class "org.slf4j.impl.StaticLoggerBinder".
SLF4J: Defaulting to no-operation (NOP) logger implementation
SLF4J: See http://www.slf4j.org/codes.html#StaticLoggerBinder for further details.
Starting ChromeDriver 97.0.4692.71 (adefa7837d02a07a604c1e6eff0b3a09422ab88d-refs/branch-heads/4692@{#1247}) on port 61648
Only local connections are allowed.
Please see https://chromedriver.chromium.org/security-considerations for suggestions on keeping ChromeDriver safe.
ChromeDriver was started successfully.
[1645197666.606][WARNING]: This version of ChromeDriver has not been tested with Chrome version 98.
Feb 18, 2022 8:51:06 PM org.openqa.selenium.remote.ProtocolHandshake createSession
INFO: Detected dialect: W3C
Feb 18, 2022 8:51:06 PM org.openqa.selenium.devtools.CdpVersionFinder findNearestMatch
WARNING: Unable to find an exact match for CDP version 98, so returning the closest version found: 95
Feb 18, 2022 8:51:06 PM org.openqa.selenium.devtools.CdpVersionFinder findNearestMatch
INFO: Found CDP implementation for version 98 of 95
]]></system-err>
  </testcase>
  <testcase name="enterFullname" classname="neogrowth.Tests.RegisterFormTests" time="4.014">
    <system-out><![CDATA[https://www.neogrowth.in/register-form/
]]></system-out>
  </testcase>
  <testcase name="validateCity" classname="neogrowth.Tests.RegisterFormTests" time="0.48"/>
  <testcase name="selectCity" classname="neogrowth.Tests.RegisterFormTests" time="0.42"/>
  <testcase name="enterInvlaidPhoneNumber" classname="neogrowth.Tests.RegisterFormTests" time="1.661">
    <failure message="expected [Please enter a valid phone number] but found [Please enter a valid phone numbe]" type="java.lang.AssertionError"><![CDATA[java.lang.AssertionError: expected [Please enter a valid phone number] but found [Please enter a valid phone numbe]
	at neogrowth.Tests.RegisterFormTests.enterInvlaidPhoneNumber(RegisterFormTests.java:68)
]]></failure>
  </testcase>
  <testcase name="enterValidPhoneNumber" classname="neogrowth.Tests.RegisterFormTests" time="0.334"/>
  <testcase name="enterInvlaidEmail" classname="neogrowth.Tests.RegisterFormTests" time="0.834">
    <failure message="expected [Please enter a valid email address] but found [Please enter a valid email addres]" type="java.lang.AssertionError"><![CDATA[java.lang.AssertionError: expected [Please enter a valid email address] but found [Please enter a valid email addres]
	at neogrowth.Tests.RegisterFormTests.enterInvlaidEmail(RegisterFormTests.java:81)
]]></failure>
  </testcase>
  <testcase name="enterValidEmail" classname="neogrowth.Tests.RegisterFormTests" time="0.268"/>
  <testcase name="selectBusinessExperience" classname="neogrowth.Tests.RegisterFormTests" time="0.245"/>
  <testcase name="selectAverageMonthlySale" classname="neogrowth.Tests.RegisterFormTests" time="0.294"/>
  <testcase name="selectBusinessIndustry" classname="neogrowth.Tests.RegisterFormTests" time="0.325"/>
  <testcase name="acceptDigitalPayments" classname="neogrowth.Tests.RegisterFormTests" time="0.175"/>
  <testcase name="selectMonthlyCardDigitalSales" classname="neogrowth.Tests.RegisterFormTests" time="0.235"/>
  <testcase name="selectpaymentSince" classname="neogrowth.Tests.RegisterFormTests" time="0.271"/>
  <testcase name="sumit" classname="neogrowth.Tests.RegisterFormTests" time="0.085"/>
</testsuite>